<?xml version="1.0" encoding="UTF-8"?>
<!-- Generated by org.testng.reporters.JUnitReportReporter -->
<testsuite hostname="NANDINI" failures="0" tests="1" name="testCases.TC_002_LoginTest" time="2.083" errors="0" timestamp="2024-08-14T14:19:58 IST" skipped="0">
  <testcase classname="testCases.TC_002_LoginTest" name="verify_login" time="2.083"/>
</testsuite> <!-- testCases.TC_002_LoginTest -->
