<?xml version="1.0" encoding="UTF-8"?>
<!-- Generated by org.testng.reporters.JUnitReportReporter -->
<testsuite hostname="NANDINI" failures="0" tests="1" name="testCases.TC001_AccountRegistrationTest" time="6.404" errors="0" timestamp="2024-08-16T10:56:53 IST" skipped="0">
  <testcase classname="testCases.TC001_AccountRegistrationTest" name="verify_account_registration" time="6.404"/>
</testsuite> <!-- testCases.TC001_AccountRegistrationTest -->
